<?xml version="1.0" encoding="UTF-8"?>
<!-- Generated by org.testng.reporters.JUnitXMLReporter -->
<testsuite ignored="0" hostname="Naveenpatel" failures="0" tests="3" name="Default test" time="11.401" errors="0" timestamp="2024-02-17T23:21:23 IST">
  <testcase classname="com.OrangeHRMApplicationPagesTests.LogInPageTest" name="orangeHRMApplicationLogInPage_logInPannelTextTest" time="0.085"/>
  <testcase classname="com.OrangeHRMApplicationPagesTests.LogInPageTest" name="orangeHRMApplicationLogInPage_LogoValidationTest" time="0.093"/>
  <testcase classname="com.OrangeHRMApplicationPagesTests.LogInPageTest" name="orangeHRMApplicationLogInPage_LogInTest" time="6.296"/>
</testsuite> <!-- Default test -->
