<?xml version="1.0" encoding="UTF-8"?><testrun name="TestRunner (3)" project="Orange_Cucumber" tests="1" started="1" failures="0" errors="1" ignored="0">
  <testsuite name="com.stepDefination.TestRunner" time="0.007">
    <testcase name="initializationError" classname="com.stepDefination.TestRunner" time="0.007">
      <error>java.lang.IllegalArgumentException: The glue path must have a classpath scheme C:/Users/emmad/OneDrive/Desktop/livetech/Orange_Cucumber/src/test/java/com/stepDefination&#13;
	at io.cucumber.core.feature.GluePath.parseAssumeClasspathScheme(GluePath.java:101)&#13;
	at io.cucumber.core.feature.GluePath.parse(GluePath.java:60)&#13;
	at io.cucumber.core.options.CucumberOptionsAnnotationParser.addGlue(CucumberOptionsAnnotationParser.java:126)&#13;
	at io.cucumber.core.options.CucumberOptionsAnnotationParser.parse(CucumberOptionsAnnotationParser.java:43)&#13;
	at io.cucumber.junit.Cucumber.&lt;init&gt;(Cucumber.java:120)&#13;
	at java.base/jdk.internal.reflect.NativeConstructorAccessorImpl.newInstance0(Native Method)&#13;
	at java.base/jdk.internal.reflect.NativeConstructorAccessorImpl.newInstance(NativeConstructorAccessorImpl.java:77)&#13;
	at java.base/jdk.internal.reflect.DelegatingConstructorAccessorImpl.newInstance(DelegatingConstructorAccessorImpl.java:45)&#13;
	at java.base/java.lang.reflect.Constructor.newInstanceWithCaller(Constructor.java:499)&#13;
	at java.base/java.lang.reflect.Constructor.newInstance(Constructor.java:480)&#13;
	at org.junit.internal.builders.AnnotatedBuilder.buildRunner(AnnotatedBuilder.java:104)&#13;
	at org.junit.internal.builders.AnnotatedBuilder.runnerForClass(AnnotatedBuilder.java:86)&#13;
	at org.junit.runners.model.RunnerBuilder.safeRunnerForClass(RunnerBuilder.java:59)&#13;
	at org.junit.internal.builders.AllDefaultPossibilitiesBuilder.runnerForClass(AllDefaultPossibilitiesBuilder.java:26)&#13;
	at org.junit.runners.model.RunnerBuilder.safeRunnerForClass(RunnerBuilder.java:59)&#13;
	at org.junit.internal.requests.ClassRequest.getRunner(ClassRequest.java:33)&#13;
	at org.eclipse.jdt.internal.junit4.runner.JUnit4TestLoader.createUnfilteredTest(JUnit4TestLoader.java:90)&#13;
	at org.eclipse.jdt.internal.junit4.runner.JUnit4TestLoader.createTest(JUnit4TestLoader.java:76)&#13;
	at org.eclipse.jdt.internal.junit4.runner.JUnit4TestLoader.loadTests(JUnit4TestLoader.java:49)&#13;
	at org.eclipse.jdt.internal.junit.runner.RemoteTestRunner.runTests(RemoteTestRunner.java:513)&#13;
	at org.eclipse.jdt.internal.junit.runner.RemoteTestRunner.runTests(RemoteTestRunner.java:756)&#13;
	at org.eclipse.jdt.internal.junit.runner.RemoteTestRunner.run(RemoteTestRunner.java:452)&#13;
	at org.eclipse.jdt.internal.junit.runner.RemoteTestRunner.main(RemoteTestRunner.java:210)&#13;
&#13;
</error>
    </testcase>
  </testsuite>
</testrun>
