<?xml version="1.0" encoding="UTF-8"?>
<testng-results ignored="0" total="3" passed="3" failed="0" skipped="0">
  <reporter-output>
  </reporter-output>
  <suite started-at="2024-02-17T23:21:12 IST" name="Default suite" finished-at="2024-02-17T23:21:23 IST" duration-ms="11401">
    <groups>
    </groups>
    <test started-at="2024-02-17T23:21:12 IST" name="Default test" finished-at="2024-02-17T23:21:23 IST" duration-ms="11401">
      <class name="com.OrangeHRMApplicationPagesTests.LogInPageTest">
        <test-method is-config="true" signature="applicationLaunch()[pri:0, instance:com.OrangeHRMApplicationPagesTests.LogInPageTest@201b6b6f]" started-at="2024-02-17T23:21:12 IST" name="applicationLaunch" finished-at="2024-02-17T23:21:14 IST" duration-ms="1909" status="PASS">
          <reporter-output>
          </reporter-output>
        </test-method> <!-- applicationLaunch -->
        <test-method signature="orangeHRMApplicationLogInPage_logInPannelTextTest()[pri:1, instance:com.OrangeHRMApplicationPagesTests.LogInPageTest@201b6b6f]" started-at="2024-02-17T23:21:14 IST" name="orangeHRMApplicationLogInPage_logInPannelTextTest" description=" Validating OrangeHRM Application LogIN Page Text" finished-at="2024-02-17T23:21:14 IST" duration-ms="85" status="PASS">
          <reporter-output>
          </reporter-output>
        </test-method> <!-- orangeHRMApplicationLogInPage_logInPannelTextTest -->
        <test-method is-config="true" signature="applicationClose()[pri:0, instance:com.OrangeHRMApplicationPagesTests.LogInPageTest@201b6b6f]" started-at="2024-02-17T23:21:14 IST" name="applicationClose" finished-at="2024-02-17T23:21:14 IST" duration-ms="117" status="PASS">
          <reporter-output>
          </reporter-output>
        </test-method> <!-- applicationClose -->
        <test-method is-config="true" signature="applicationLaunch()[pri:0, instance:com.OrangeHRMApplicationPagesTests.LogInPageTest@201b6b6f]" started-at="2024-02-17T23:21:14 IST" name="applicationLaunch" finished-at="2024-02-17T23:21:15 IST" duration-ms="1260" status="PASS">
          <reporter-output>
          </reporter-output>
        </test-method> <!-- applicationLaunch -->
        <test-method signature="orangeHRMApplicationLogInPage_LogoValidationTest()[pri:2, instance:com.OrangeHRMApplicationPagesTests.LogInPageTest@201b6b6f]" started-at="2024-02-17T23:21:15 IST" name="orangeHRMApplicationLogInPage_LogoValidationTest" description=" Validating OrangeHRM Applicaiton LogIn Page Logo " finished-at="2024-02-17T23:21:16 IST" duration-ms="93" status="PASS">
          <reporter-output>
          </reporter-output>
        </test-method> <!-- orangeHRMApplicationLogInPage_LogoValidationTest -->
        <test-method is-config="true" signature="applicationClose()[pri:0, instance:com.OrangeHRMApplicationPagesTests.LogInPageTest@201b6b6f]" started-at="2024-02-17T23:21:16 IST" name="applicationClose" finished-at="2024-02-17T23:21:16 IST" duration-ms="117" status="PASS">
          <reporter-output>
          </reporter-output>
        </test-method> <!-- applicationClose -->
        <test-method is-config="true" signature="applicationLaunch()[pri:0, instance:com.OrangeHRMApplicationPagesTests.LogInPageTest@201b6b6f]" started-at="2024-02-17T23:21:16 IST" name="applicationLaunch" finished-at="2024-02-17T23:21:17 IST" duration-ms="1294" status="PASS">
          <reporter-output>
          </reporter-output>
        </test-method> <!-- applicationLaunch -->
        <test-method signature="orangeHRMApplicationLogInPage_LogInTest()[pri:3, instance:com.OrangeHRMApplicationPagesTests.LogInPageTest@201b6b6f]" started-at="2024-02-17T23:21:17 IST" name="orangeHRMApplicationLogInPage_LogInTest" description=" Validating OrangeHRM Applicaiton LogIn Functionality " finished-at="2024-02-17T23:21:23 IST" duration-ms="6296" status="PASS">
          <reporter-output>
          </reporter-output>
        </test-method> <!-- orangeHRMApplicationLogInPage_LogInTest -->
        <test-method is-config="true" signature="applicationClose()[pri:0, instance:com.OrangeHRMApplicationPagesTests.LogInPageTest@201b6b6f]" started-at="2024-02-17T23:21:23 IST" name="applicationClose" finished-at="2024-02-17T23:21:23 IST" duration-ms="154" status="PASS">
          <reporter-output>
          </reporter-output>
        </test-method> <!-- applicationClose -->
      </class> <!-- com.OrangeHRMApplicationPagesTests.LogInPageTest -->
    </test> <!-- Default test -->
  </suite> <!-- Default suite -->
</testng-results>
