<?xml version="1.0" encoding="UTF-8"?>
<testng-results ignored="0" total="1" passed="1" failed="0" skipped="0">
  <reporter-output>
  </reporter-output>
  <suite started-at="2024-02-17T21:23:37 IST" name="Default suite" finished-at="2024-02-17T21:23:52 IST" duration-ms="14823">
    <groups>
    </groups>
    <test started-at="2024-02-17T21:23:37 IST" name="Default test" finished-at="2024-02-17T21:23:52 IST" duration-ms="14823">
      <class name="com.forParalleltesting.Login_functionality_withvalid_and_invalidTestdata">
        <test-method is-config="true" signature="applicationLaunch()[pri:0, instance:com.forParalleltesting.Login_functionality_withvalid_and_invalidTestdata@28f2a10f]" started-at="2024-02-17T21:23:37 IST" name="applicationLaunch" finished-at="2024-02-17T21:23:41 IST" duration-ms="3972" status="PASS">
          <reporter-output>
          </reporter-output>
        </test-method> <!-- applicationLaunch -->
        <test-method signature="Login_functionality()[pri:1, instance:com.forParalleltesting.Login_functionality_withvalid_and_invalidTestdata@28f2a10f]" started-at="2024-02-17T21:23:41 IST" name="Login_functionality" finished-at="2024-02-17T21:23:52 IST" duration-ms="10597" status="PASS">
          <reporter-output>
          </reporter-output>
        </test-method> <!-- Login_functionality -->
        <test-method is-config="true" signature="applicationClose()[pri:0, instance:com.forParalleltesting.Login_functionality_withvalid_and_invalidTestdata@28f2a10f]" started-at="2024-02-17T21:23:52 IST" name="applicationClose" finished-at="2024-02-17T21:23:52 IST" duration-ms="205" status="PASS">
          <reporter-output>
          </reporter-output>
        </test-method> <!-- applicationClose -->
      </class> <!-- com.forParalleltesting.Login_functionality_withvalid_and_invalidTestdata -->
    </test> <!-- Default test -->
  </suite> <!-- Default suite -->
</testng-results>
