<?xml version="1.0" encoding="UTF-8"?>
<testng-results ignored="0" total="1" passed="1" failed="0" skipped="0">
  <reporter-output>
  </reporter-output>
  <suite started-at="2024-02-17T00:17:33 IST" name="Default suite" finished-at="2024-02-17T00:17:50 IST" duration-ms="16389">
    <groups>
    </groups>
    <test started-at="2024-02-17T00:17:33 IST" name="Default test" finished-at="2024-02-17T00:17:50 IST" duration-ms="16389">
      <class name="com.RadioButtonsTesting.ApplicationEchoEcho">
        <test-method is-config="true" signature="setUp()[pri:0, instance:com.RadioButtonsTesting.ApplicationEchoEcho@fd8294b]" started-at="2024-02-17T00:17:33 IST" name="setUp" finished-at="2024-02-17T00:17:37 IST" duration-ms="3517" status="PASS">
          <reporter-output>
          </reporter-output>
        </test-method> <!-- setUp -->
        <test-method signature="RadioButtonsTesting()[pri:0, instance:com.RadioButtonsTesting.ApplicationEchoEcho@fd8294b]" started-at="2024-02-17T00:17:37 IST" name="RadioButtonsTesting" finished-at="2024-02-17T00:17:50 IST" duration-ms="12663" status="PASS">
          <reporter-output>
          </reporter-output>
        </test-method> <!-- RadioButtonsTesting -->
        <test-method is-config="true" signature="tearDown()[pri:0, instance:com.RadioButtonsTesting.ApplicationEchoEcho@fd8294b]" started-at="2024-02-17T00:17:50 IST" name="tearDown" finished-at="2024-02-17T00:17:50 IST" duration-ms="168" status="PASS">
          <reporter-output>
          </reporter-output>
        </test-method> <!-- tearDown -->
      </class> <!-- com.RadioButtonsTesting.ApplicationEchoEcho -->
    </test> <!-- Default test -->
  </suite> <!-- Default suite -->
</testng-results>
