<?xml version="1.0" encoding="UTF-8"?>
<!-- Generated by org.testng.reporters.JUnitXMLReporter -->
<testsuite ignored="0" hostname="Naveenpatel" failures="0" tests="5" name="Add_Employee_Multiple_Functionality" time="53.837" errors="0" timestamp="2024-02-15T09:58:46 IST">
  <testcase classname="com.forParalleltesting.Add_Employee_Multiple_Functionality" name="OHRM_Login_functionality" time="2.249"/>
  <testcase classname="com.forParalleltesting.Add_Employee_Multiple_Functionality" name="pim_Test" time="0.191"/>
  <testcase classname="com.forParalleltesting.Add_Employee_Multiple_Functionality" name="add_EmployeeTest" time="0.448"/>
  <testcase classname="com.forParalleltesting.Add_Employee_Multiple_Functionality" name="add_NewEmployeeTest" time="41.925"/>
  <testcase classname="com.forParalleltesting.Add_Employee_Multiple_Functionality" name="Loginpanelafterlogout" time="4.017"/>
</testsuite> <!-- Add_Employee_Multiple_Functionality -->
