<?xml version="1.0" encoding="UTF-8"?>
<!-- Generated by org.testng.reporters.JUnitXMLReporter -->
<testsuite ignored="0" hostname="Naveenpatel" failures="0" tests="4" name="EmployeeList" time="20.409" errors="0" timestamp="2024-02-15T09:58:13 IST">
  <testcase classname="com.forParalleltesting.EmployeeList" name="loginFunctionality" time="1.507"/>
  <testcase classname="com.forParalleltesting.EmployeeList" name="pimMouseHover" time="6.389"/>
  <testcase classname="com.forParalleltesting.EmployeeList" name="webTableData" time="3.638"/>
  <testcase classname="com.forParalleltesting.EmployeeList" name="loginPanelAfterLogout" time="3.841"/>
</testsuite> <!-- EmployeeList -->
